<?xml version="1.0" encoding="UTF-8"?>
<!-- Generated by org.testng.reporters.JUnitXMLReporter -->
<testsuite ignored="0" hostname="DESKTOP-KF5GCE4" failures="0" tests="16" name="Default test" time="3.989" errors="0" timestamp="2024-06-15T22:57:34 EDT">
  <testcase classname="api.test.DDTests" name="testPostUser" time="1.496"/>
  <testcase classname="api.test.DDTests" name="testPostUser" time="0.066"/>
  <testcase classname="api.test.DDTests" name="testPostUser" time="0.052"/>
  <testcase classname="api.test.DDTests" name="testPostUser" time="0.05"/>
  <testcase classname="api.test.DDTests" name="testPostUser" time="0.052"/>
  <testcase classname="api.test.DDTests" name="testPostUser" time="0.053"/>
  <testcase classname="api.test.DDTests" name="testPostUser" time="0.054"/>
  <testcase classname="api.test.DDTests" name="testPostUser" time="0.048"/>
  <testcase classname="api.test.DDTests" name="testDeleteUser" time="0.08"/>
  <testcase classname="api.test.DDTests" name="testDeleteUser" time="0.052"/>
  <testcase classname="api.test.DDTests" name="testDeleteUser" time="0.044"/>
  <testcase classname="api.test.DDTests" name="testDeleteUser" time="0.057"/>
  <testcase classname="api.test.DDTests" name="testDeleteUser" time="0.052"/>
  <testcase classname="api.test.DDTests" name="testDeleteUser" time="0.051"/>
  <testcase classname="api.test.DDTests" name="testDeleteUser" time="0.052"/>
  <testcase classname="api.test.DDTests" name="testDeleteUser" time="0.056"/>
</testsuite> <!-- Default test -->
