<?xml version="1.0" encoding="UTF-8"?>
<!-- Generated by org.testng.reporters.JUnitXMLReporter -->
<testsuite ignored="0" hostname="DESKTOP-KF5GCE4" failures="0" tests="5" name="Test" time="2.913" errors="0" timestamp="2024-06-19T15:40:44 EDT">
  <testcase classname="api.test.UserTest2" name="testPostUser" time="1.954"/>
  <testcase classname="api.test.UserTest2" name="testGetUserByName" time="0.073"/>
  <testcase classname="api.test.UserTest2" name="testUpdateUser" time="0.09"/>
  <testcase classname="api.test.UserTest2" name="testDeleteUser" time="0.05"/>
  <testcase classname="api.test.UniversitiesSchemaValidation" name="UKUniversitySchemaValidation" time="0.338"/>
</testsuite> <!-- Test -->
