<?xml version="1.0" encoding="UTF-8"?>
<!-- Generated by org.testng.reporters.JUnitXMLReporter -->
<testsuite ignored="0" hostname="DESKTOP-KF5GCE4" failures="0" tests="5" name="Test" time="3.016" errors="0" timestamp="2024-06-19T17:21:19 EDT">
  <testcase classname="api.test.UserTest2" name="testPostUser" time="2.121"/>
  <testcase classname="api.test.UserTest2" name="testGetUserByName" time="0.09"/>
  <testcase classname="api.test.UserTest2" name="testUpdateUser" time="0.106"/>
  <testcase classname="api.test.UserTest2" name="testDeleteUser" time="0.047"/>
  <testcase classname="api.test.UniversitiesSchemaValidation" name="UKUniversitySchemaValidation" time="0.261"/>
</testsuite> <!-- Test -->
