<?xml version="1.0" encoding="UTF-8"?>
<testng-results ignored="0" total="5" passed="5" failed="0" skipped="0">
  <reporter-output>
  </reporter-output>
  <suite started-at="2024-06-19T20:38:07 EDT" name="Suite" finished-at="2024-06-19T20:38:10 EDT" duration-ms="2962">
    <groups>
    </groups>
    <test started-at="2024-06-19T20:38:07 EDT" name="Test" finished-at="2024-06-19T20:38:10 EDT" duration-ms="2962">
      <class name="api.test.UserTest2">
        <test-method is-config="true" signature="setupData()[pri:0, instance:api.test.UserTest2@6356695f]" started-at="2024-06-19T20:38:07 EDT" name="setupData" finished-at="2024-06-19T20:38:07 EDT" duration-ms="160" status="PASS">
          <reporter-output>
          </reporter-output>
        </test-method> <!-- setupData -->
        <test-method signature="testPostUser()[pri:1, instance:api.test.UserTest2@6356695f]" started-at="2024-06-19T20:38:07 EDT" name="testPostUser" finished-at="2024-06-19T20:38:09 EDT" duration-ms="2015" status="PASS">
          <reporter-output>
          </reporter-output>
        </test-method> <!-- testPostUser -->
        <test-method signature="testGetUserByName()[pri:2, instance:api.test.UserTest2@6356695f]" started-at="2024-06-19T20:38:09 EDT" name="testGetUserByName" finished-at="2024-06-19T20:38:10 EDT" duration-ms="93" status="PASS">
          <reporter-output>
          </reporter-output>
        </test-method> <!-- testGetUserByName -->
        <test-method signature="testUpdateUser()[pri:3, instance:api.test.UserTest2@6356695f]" started-at="2024-06-19T20:38:10 EDT" name="testUpdateUser" finished-at="2024-06-19T20:38:10 EDT" duration-ms="118" status="PASS">
          <reporter-output>
          </reporter-output>
        </test-method> <!-- testUpdateUser -->
        <test-method signature="testDeleteUser()[pri:4, instance:api.test.UserTest2@6356695f]" started-at="2024-06-19T20:38:10 EDT" name="testDeleteUser" finished-at="2024-06-19T20:38:10 EDT" duration-ms="57" status="PASS">
          <reporter-output>
          </reporter-output>
        </test-method> <!-- testDeleteUser -->
      </class> <!-- api.test.UserTest2 -->
      <class name="api.test.UniversitiesSchemaValidation">
        <test-method signature="UKUniversitySchemaValidation()[pri:0, instance:api.test.UniversitiesSchemaValidation@4fb61f4a]" started-at="2024-06-19T20:38:10 EDT" name="UKUniversitySchemaValidation" finished-at="2024-06-19T20:38:10 EDT" duration-ms="342" status="PASS">
          <reporter-output>
          </reporter-output>
        </test-method> <!-- UKUniversitySchemaValidation -->
      </class> <!-- api.test.UniversitiesSchemaValidation -->
    </test> <!-- Test -->
  </suite> <!-- Suite -->
</testng-results>
