<?xml version="1.0" encoding="UTF-8"?>
<testng-results ignored="0" total="5" passed="5" failed="0" skipped="0">
  <reporter-output>
  </reporter-output>
  <suite started-at="2024-06-19T17:21:16 EDT" name="Suite" finished-at="2024-06-19T17:21:19 EDT" duration-ms="3016">
    <groups>
    </groups>
    <test started-at="2024-06-19T17:21:16 EDT" name="Test" finished-at="2024-06-19T17:21:19 EDT" duration-ms="3016">
      <class name="api.test.UserTest2">
        <test-method is-config="true" signature="setupData()[pri:0, instance:api.test.UserTest2@3e8c3cb]" started-at="2024-06-19T17:21:16 EDT" name="setupData" finished-at="2024-06-19T17:21:17 EDT" duration-ms="165" status="PASS">
          <reporter-output>
          </reporter-output>
        </test-method> <!-- setupData -->
        <test-method signature="testPostUser()[pri:1, instance:api.test.UserTest2@3e8c3cb]" started-at="2024-06-19T17:21:17 EDT" name="testPostUser" finished-at="2024-06-19T17:21:19 EDT" duration-ms="2121" status="PASS">
          <reporter-output>
          </reporter-output>
        </test-method> <!-- testPostUser -->
        <test-method signature="testGetUserByName()[pri:2, instance:api.test.UserTest2@3e8c3cb]" started-at="2024-06-19T17:21:19 EDT" name="testGetUserByName" finished-at="2024-06-19T17:21:19 EDT" duration-ms="90" status="PASS">
          <reporter-output>
          </reporter-output>
        </test-method> <!-- testGetUserByName -->
        <test-method signature="testUpdateUser()[pri:3, instance:api.test.UserTest2@3e8c3cb]" started-at="2024-06-19T17:21:19 EDT" name="testUpdateUser" finished-at="2024-06-19T17:21:19 EDT" duration-ms="106" status="PASS">
          <reporter-output>
          </reporter-output>
        </test-method> <!-- testUpdateUser -->
        <test-method signature="testDeleteUser()[pri:4, instance:api.test.UserTest2@3e8c3cb]" started-at="2024-06-19T17:21:19 EDT" name="testDeleteUser" finished-at="2024-06-19T17:21:19 EDT" duration-ms="47" status="PASS">
          <reporter-output>
          </reporter-output>
        </test-method> <!-- testDeleteUser -->
      </class> <!-- api.test.UserTest2 -->
      <class name="api.test.UniversitiesSchemaValidation">
        <test-method signature="UKUniversitySchemaValidation()[pri:0, instance:api.test.UniversitiesSchemaValidation@235ecd9f]" started-at="2024-06-19T17:21:19 EDT" name="UKUniversitySchemaValidation" finished-at="2024-06-19T17:21:19 EDT" duration-ms="261" status="PASS">
          <reporter-output>
          </reporter-output>
        </test-method> <!-- UKUniversitySchemaValidation -->
      </class> <!-- api.test.UniversitiesSchemaValidation -->
    </test> <!-- Test -->
  </suite> <!-- Suite -->
</testng-results>
