<?xml version="1.0" encoding="UTF-8"?>
<testng-results ignored="0" total="5" passed="5" failed="0" skipped="0">
  <reporter-output>
  </reporter-output>
  <suite started-at="2024-06-19T15:40:41 EDT" name="Suite" finished-at="2024-06-19T15:40:44 EDT" duration-ms="2913">
    <groups>
    </groups>
    <test started-at="2024-06-19T15:40:41 EDT" name="Test" finished-at="2024-06-19T15:40:44 EDT" duration-ms="2913">
      <class name="api.test.UserTest2">
        <test-method is-config="true" signature="setupData()[pri:0, instance:api.test.UserTest2@776aec5c]" started-at="2024-06-19T15:40:41 EDT" name="setupData" finished-at="2024-06-19T15:40:41 EDT" duration-ms="173" status="PASS">
          <reporter-output>
          </reporter-output>
        </test-method> <!-- setupData -->
        <test-method signature="testPostUser()[pri:1, instance:api.test.UserTest2@776aec5c]" started-at="2024-06-19T15:40:41 EDT" name="testPostUser" finished-at="2024-06-19T15:40:43 EDT" duration-ms="1954" status="PASS">
          <reporter-output>
          </reporter-output>
        </test-method> <!-- testPostUser -->
        <test-method signature="testGetUserByName()[pri:2, instance:api.test.UserTest2@776aec5c]" started-at="2024-06-19T15:40:43 EDT" name="testGetUserByName" finished-at="2024-06-19T15:40:43 EDT" duration-ms="73" status="PASS">
          <reporter-output>
          </reporter-output>
        </test-method> <!-- testGetUserByName -->
        <test-method signature="testUpdateUser()[pri:3, instance:api.test.UserTest2@776aec5c]" started-at="2024-06-19T15:40:43 EDT" name="testUpdateUser" finished-at="2024-06-19T15:40:43 EDT" duration-ms="90" status="PASS">
          <reporter-output>
          </reporter-output>
        </test-method> <!-- testUpdateUser -->
        <test-method signature="testDeleteUser()[pri:4, instance:api.test.UserTest2@776aec5c]" started-at="2024-06-19T15:40:43 EDT" name="testDeleteUser" finished-at="2024-06-19T15:40:43 EDT" duration-ms="50" status="PASS">
          <reporter-output>
          </reporter-output>
        </test-method> <!-- testDeleteUser -->
      </class> <!-- api.test.UserTest2 -->
      <class name="api.test.UniversitiesSchemaValidation">
        <test-method signature="UKUniversitySchemaValidation()[pri:0, instance:api.test.UniversitiesSchemaValidation@206a70ef]" started-at="2024-06-19T15:40:43 EDT" name="UKUniversitySchemaValidation" finished-at="2024-06-19T15:40:44 EDT" duration-ms="338" status="PASS">
          <reporter-output>
          </reporter-output>
        </test-method> <!-- UKUniversitySchemaValidation -->
      </class> <!-- api.test.UniversitiesSchemaValidation -->
    </test> <!-- Test -->
  </suite> <!-- Suite -->
</testng-results>
